# Server version 0.08 running on Leonard:8123
# Game ID: 106
# Board class: pentago_twist.PentagoBoard
# Timeout: 20000
# First Move Timeout: 30000
# Date: Sun Apr 04 22:52:17 EDT 2021
# Player 1: Player-0, 'RandomPlayer', running on 127.0.0.1
# Player 2: Player-1, '260424285', running on 127.0.0.1
START Player-0 RandomPlayer
START Player-1 260424285
0 0 0 0 0
4 1 1 1 1
0 4 1 1 0
1 2 2 0 1
4 2 1 1 0
4 4 1 0 1
0 4 0 0 0
0 3 0 1 1
5 5 1 0 0
3 5 3 0 1
1 4 2 1 0
3 1 0 0 1
1 1 0 0 0
5 2 2 1 1
1 2 1 1 0
GAMEOVER TIMEOUT WINNER 0
# Game ended: Sun Apr 04 22:52:38 EDT 2021
