# Server version 0.08 running on Leonard:8123
# Game ID: 111
# Board class: pentago_twist.PentagoBoard
# Timeout: 20000
# First Move Timeout: 30000
# Date: Sun Apr 04 22:57:41 EDT 2021
# Player 1: Player-0, 'RandomPlayer', running on 127.0.0.1
# Player 2: Player-1, '260424285', running on 127.0.0.1
START Player-0 RandomPlayer
START Player-1 260424285
4 1 0 0 0
5 5 1 1 1
3 2 3 1 0
1 0 2 0 1
0 3 0 0 0
4 4 3 0 1
5 5 2 1 0
1 4 1 0 1
2 1 1 1 0
3 0 0 1 1
0 2 2 1 0
4 5 1 0 1
5 0 2 0 0
4 3 3 0 1
2 2 3 1 0
