# Server version 0.08 running on 192.168.0.36:8123
# Game ID: 88
# Board class: pentago_twist.PentagoBoard
# Timeout: 20000
# First Move Timeout: 30000
# Date: Sun Apr 11 18:30:33 EDT 2021
# Player 1: Player-0, '260424285', running on 127.0.0.1
# Player 2: Player-1, 'RandomPlayer', running on 127.0.0.1
START Player-0 260424285
START Player-1 RandomPlayer
4 4 3 0 0
4 0 3 0 1
1 1 0 0 0
5 2 1 1 1
2 2 2 0 0
5 1 3 0 1
3 5 0 1 0
1 3 0 0 1
2 2 2 1 0
2 5 2 0 1
3 3 0 0 0
5 3 0 1 1
GAMEOVER WINNER 0
# Game ended: Sun Apr 11 18:30:40 EDT 2021
