# Server version 0.08 running on 192.168.0.36:8123
# Game ID: 209
# Board class: pentago_twist.PentagoBoard
# Timeout: 20000
# First Move Timeout: 30000
# Date: Wed Apr 07 19:29:31 EDT 2021
# Player 1: Player-0, '260424285', running on 127.0.0.1
# Player 2: Player-1, 'RandomPlayer', running on 127.0.0.1
START Player-0 260424285
START Player-1 RandomPlayer
1 0 2 0 0
5 5 2 0 1
5 2 0 0 0
1 2 3 1 1
3 5 3 1 0
0 4 2 0 1
4 1 2 0 0
3 2 0 1 1
4 3 3 1 0
5 5 0 0 1
1 4 1 0 0
2 3 2 1 1
GAMEOVER TIMEOUT WINNER 1
# Game ended: Wed Apr 07 19:29:52 EDT 2021
