# Server version 0.08 running on 192.168.0.36:8123
# Game ID: 75
# Board class: pentago_twist.PentagoBoard
# Timeout: 20000
# First Move Timeout: 30000
# Date: Sun Apr 11 18:28:24 EDT 2021
# Player 1: Player-0, 'RandomPlayer', running on 127.0.0.1
# Player 2: Player-1, '260424285', running on 127.0.0.1
START Player-0 RandomPlayer
START Player-1 260424285
3 1 0 0 0
4 4 3 0 1
4 5 3 1 0
1 1 0 0 1
3 4 1 0 0
0 2 3 0 1
5 1 2 1 0
3 3 2 1 1
2 5 1 0 0
0 1 0 0 1
1 5 3 1 0
5 3 2 0 1
0 0 2 1 0
5 2 3 1 1
GAMEOVER WINNER 1
# Game ended: Sun Apr 11 18:28:33 EDT 2021
