# Server version 0.08 running on Leonard:8123
# Game ID: 50
# Board class: pentago_twist.PentagoBoard
# Timeout: 20000
# First Move Timeout: 30000
# Date: Sun Apr 04 22:27:58 EDT 2021
# Player 1: Player-0, '260424285', running on 127.0.0.1
# Player 2: Player-1, 'RandomPlayer', running on 127.0.0.1
START Player-0 260424285
START Player-1 RandomPlayer
2 5 1 0 0
4 5 0 0 1
3 2 3 1 0
2 0 3 1 1
2 1 3 0 0
5 2 2 1 1
5 2 1 0 0
0 1 1 1 1
0 4 2 1 0
1 2 0 0 1
2 0 3 0 0
4 2 0 0 1
4 5 1 0 0
3 4 2 1 1
0 4 1 1 0
2 2 1 1 1
5 1 2 0 0
5 1 1 1 1
5 5 0 1 0
3 3 0 0 1
4 4 0 0 0
4 1 3 1 1
3 3 0 0 0
GAMEOVER WINNER 0
# Game ended: Sun Apr 04 22:27:58 EDT 2021
