# Server version 0.08 running on 192.168.0.36:8123
# Game ID: 270
# Board class: pentago_twist.PentagoBoard
# Timeout: 20000
# First Move Timeout: 30000
# Date: Thu Apr 08 03:02:43 EDT 2021
# Player 1: Player-0, '260424285', running on 127.0.0.1
# Player 2: Player-1, 'RandomPlayer', running on 127.0.0.1
START Player-0 260424285
START Player-1 RandomPlayer
0 4 3 1 0
4 0 1 0 1
3 0 0 1 0
3 4 2 1 1
5 2 3 1 0
3 1 0 0 1
2 4 0 1 0
3 3 3 1 1
3 3 2 0 0
2 2 3 1 1
1 1 1 1 0
2 0 3 1 1
4 5 1 1 0
3 0 1 0 1
3 1 2 0 0
4 3 2 1 1
0 5 0 0 0
2 1 0 1 1
5 5 0 0 0
1 4 0 0 1
2 5 0 1 0
3 1 1 1 1
1 3 0 1 0
2 2 0 0 1
5 3 0 0 0
1 2 2 0 1
GAMEOVER WINNER 1
# Game ended: Thu Apr 08 03:03:48 EDT 2021
