# Server version 0.08 running on 192.168.0.36:8123
# Game ID: 1
# Board class: pentago_twist.PentagoBoard
# Timeout: 300000
# First Move Timeout: 30000
# Date: Mon Mar 29 15:41:58 EDT 2021
# Player 1: Player-0, 'RandomPlayer', running on 192.168.0.36
# Player 2: Player-1, 'Human', running on 192.168.0.36
START Player-0 RandomPlayer
START Player-1 Human
1 0 2 0 0
1 4 0 0 1
0 3 1 0 0
5 2 1 0 1
4 0 0 1 0
3 0 0 0 1
1 1 2 1 0
2 3 0 0 1
5 4 1 1 0
4 1 1 1 1
GAMEOVER WINNER 1
# Game ended: Mon Mar 29 15:42:45 EDT 2021
