# Server version 0.08 running on 192.168.0.36:8123
# Game ID: 185
# Board class: pentago_twist.PentagoBoard
# Timeout: 20000
# First Move Timeout: 30000
# Date: Wed Apr 07 16:20:10 EDT 2021
# Player 1: Player-0, 'RandomPlayer', running on 127.0.0.1
# Player 2: Player-1, '260424285', running on 127.0.0.1
START Player-0 RandomPlayer
START Player-1 260424285
1 5 1 1 0
4 4 2 0 1
0 0 2 1 0
0 2 3 0 1
5 5 3 0 0
3 4 2 1 1
3 3 0 0 0
3 0 1 0 1
2 3 1 1 0
4 5 2 0 1
2 3 3 0 0
1 0 0 1 1
3 1 3 0 0
0 2 2 0 1
3 4 2 1 0
2 2 2 0 1
0 3 0 1 0
GAMEOVER DISCONNECTION Player-1 WINNER 0
# Game ended: Wed Apr 07 16:20:21 EDT 2021
