# Server version 0.08 running on Leonard:8123
# Game ID: 69
# Board class: pentago_twist.PentagoBoard
# Timeout: 20000
# First Move Timeout: 30000
# Date: Sun Apr 04 22:28:05 EDT 2021
# Player 1: Player-0, 'RandomPlayer', running on 127.0.0.1
# Player 2: Player-1, '260424285', running on 127.0.0.1
START Player-0 RandomPlayer
START Player-1 260424285
1 5 3 1 0
3 4 3 0 1
4 4 3 0 0
1 1 3 0 1
5 4 2 0 0
0 2 3 0 1
5 4 0 0 0
2 3 3 0 1
3 1 0 1 0
4 1 3 0 1
0 4 3 1 0
1 0 1 1 1
4 5 2 1 0
0 0 3 0 1
2 2 2 0 0
5 1 3 1 1
1 4 3 0 0
3 0 1 0 1
2 4 0 0 0
GAMEOVER WINNER 0
# Game ended: Sun Apr 04 22:28:05 EDT 2021
