# Server version 0.08 running on 192.168.0.36:8123
# Game ID: 39
# Board class: pentago_twist.PentagoBoard
# Timeout: 20000
# First Move Timeout: 30000
# Date: Sun Apr 11 18:22:02 EDT 2021
# Player 1: Player-0, 'RandomPlayer', running on 127.0.0.1
# Player 2: Player-1, '260424285', running on 127.0.0.1
START Player-0 RandomPlayer
START Player-1 260424285
5 0 0 0 0
4 4 3 0 1
5 3 1 0 0
1 1 0 0 1
5 4 2 0 0
3 1 0 1 1
2 3 0 1 0
0 0 0 0 1
4 3 1 0 0
3 5 1 1 1
2 4 3 0 0
3 5 2 0 1
5 1 3 0 0
0 0 3 0 1
1 3 1 1 0
2 3 3 0 1
1 2 3 1 0
2 2 2 0 1
GAMEOVER WINNER 1
# Game ended: Sun Apr 11 18:22:14 EDT 2021
