# Server version 0.08 running on 192.168.0.36:8123
# Game ID: 229
# Board class: pentago_twist.PentagoBoard
# Timeout: 20000
# First Move Timeout: 30000
# Date: Wed Apr 07 21:47:01 EDT 2021
# Player 1: Player-0, 'RandomPlayer', running on 127.0.0.1
# Player 2: Player-1, '260424285', running on 127.0.0.1
START Player-0 RandomPlayer
START Player-1 260424285
1 2 0 0 0
4 4 2 0 1
0 2 1 0 0
3 1 1 1 1
0 5 2 1 0
3 3 0 1 1
0 4 1 1 0
0 2 1 1 1
1 4 3 0 0
5 3 1 0 1
4 1 2 1 0
5 5 2 0 1
1 1 2 0 0
GAMEOVER DISCONNECTION Player-1 WINNER 0
# Game ended: Wed Apr 07 21:47:19 EDT 2021
