# Server version 0.08 running on Leonard:8123
# Game ID: 122
# Board class: pentago_twist.PentagoBoard
# Timeout: 20000
# First Move Timeout: 30000
# Date: Sun Apr 04 23:31:11 EDT 2021
# Player 1: Player-0, 'RandomPlayer', running on 127.0.0.1
# Player 2: Player-1, '260424285', running on 127.0.0.1
START Player-0 RandomPlayer
START Player-1 260424285
0 0 2 1 0
4 0 0 1 1
5 2 2 1 0
1 1 2 0 1
2 2 2 1 0
4 3 2 1 1
4 0 2 1 0
5 5 2 0 1
3 0 0 1 0
2 3 2 0 1
5 4 0 0 0
0 3 0 1 1
5 3 2 1 0
3 3 3 1 1
4 4 2 1 0
GAMEOVER DISCONNECTION Player-1 WINNER 0
# Game ended: Sun Apr 04 23:31:30 EDT 2021
