# Server version 0.08 running on 192.168.0.36:8123
# Game ID: 2
# Board class: pentago_twist.PentagoBoard
# Timeout: 20000
# First Move Timeout: 30000
# Date: Sun Apr 11 18:16:04 EDT 2021
# Player 1: Player-0, 'RandomPlayer', running on 127.0.0.1
# Player 2: Player-1, '260424285', running on 127.0.0.1
START Player-0 RandomPlayer
START Player-1 260424285
0 2 0 0 0
1 1 0 0 1
1 3 0 0 0
4 4 3 0 1
2 1 3 0 0
4 1 3 0 1
3 0 2 0 0
3 1 0 1 1
0 4 3 1 0
5 1 0 1 1
0 3 0 0 0
4 3 1 0 1
2 5 2 0 0
GAMEOVER WINNER 1
# Game ended: Sun Apr 11 18:16:11 EDT 2021
