# Server version 0.08 running on 192.168.0.36:8123
# Game ID: 3
# Board class: pentago_twist.PentagoBoard
# Timeout: 300000
# First Move Timeout: 30000
# Date: Mon Mar 29 15:47:13 EDT 2021
# Player 1: Player-0, 'Human', running on 192.168.0.36
# Player 2: Player-1, 'RandomPlayer', running on 192.168.0.36
START Player-0 Human
START Player-1 RandomPlayer
1 1 0 0 0
4 4 2 0 1
1 4 1 1 0
0 5 1 0 1
4 1 1 1 0
1 2 1 1 1
2 3 0 0 0
0 5 2 1 1
3 2 0 0 0
4 3 1 1 1
5 0 1 1 0
GAMEOVER WINNER 0
# Game ended: Mon Mar 29 15:47:50 EDT 2021
