# Server version 0.08 running on 192.168.0.36:8123
# Game ID: 267
# Board class: pentago_twist.PentagoBoard
# Timeout: 20000
# First Move Timeout: 30000
# Date: Thu Apr 08 02:58:47 EDT 2021
# Player 1: Player-0, '260424285', running on 127.0.0.1
# Player 2: Player-1, 'RandomPlayer', running on 127.0.0.1
START Player-0 260424285
START Player-1 RandomPlayer
0 2 2 0 0
4 3 3 0 1
5 3 3 0 0
3 4 2 1 1
4 4 0 1 0
2 0 2 1 1
1 2 3 1 0
0 1 1 1 1
4 0 1 1 0
2 3 2 0 1
1 3 3 0 0
0 3 1 1 1
3 5 3 1 0
0 4 0 0 1
2 0 2 1 0
1 1 3 0 1
5 5 3 1 0
5 4 0 0 1
4 1 2 0 0
2 3 3 1 1
1 3 0 0 0
3 1 0 0 1
4 3 2 1 0
2 4 3 1 1
2 1 2 1 0
5 1 0 0 1
0 3 2 0 0
3 0 3 1 1
0 1 0 1 0
5 2 0 1 1
1 4 2 0 0
2 2 0 1 1
5 2 0 0 0
3 0 1 1 1
4 2 2 1 0
GAMEOVER WINNER 0
# Game ended: Thu Apr 08 03:00:17 EDT 2021
