# Server version 0.08 running on Leonard:8123
# Game ID: 110
# Board class: pentago_twist.PentagoBoard
# Timeout: 20000
# First Move Timeout: 30000
# Date: Sun Apr 04 22:56:57 EDT 2021
# Player 1: Player-0, 'RandomPlayer', running on 127.0.0.1
# Player 2: Player-1, '260424285', running on 127.0.0.1
START Player-0 RandomPlayer
START Player-1 260424285
4 5 3 1 0
4 0 2 0 1
1 5 0 0 0
1 0 2 0 1
5 1 3 1 0
2 0 0 0 1
5 0 2 0 0
4 3 2 0 1
2 2 0 1 0
1 3 0 0 1
2 3 3 1 0
0 3 1 0 1
3 0 2 1 0
1 5 0 1 1
2 2 1 1 0
GAMEOVER TIMEOUT WINNER 0
# Game ended: Sun Apr 04 22:57:18 EDT 2021
