# Server version 0.08 running on Leonard:8123
# Game ID: 123
# Board class: pentago_twist.PentagoBoard
# Timeout: 20000
# First Move Timeout: 30000
# Date: Sun Apr 04 23:36:19 EDT 2021
# Player 1: Player-0, '260424285', running on 127.0.0.1
# Player 2: Player-1, 'RandomPlayer', running on 127.0.0.1
START Player-0 260424285
START Player-1 RandomPlayer
1 0 2 1 0
1 2 3 1 1
5 4 2 0 0
2 2 3 0 1
0 2 1 1 0
4 4 0 0 1
4 0 1 1 0
1 1 1 1 1
1 2 1 1 0
5 5 2 0 1
0 4 0 1 0
4 0 1 0 1
3 5 3 0 0
4 5 3 0 1
GAMEOVER TIMEOUT WINNER 1
# Game ended: Sun Apr 04 23:36:40 EDT 2021
