# Server version 0.08 running on 192.168.0.36:8123
# Game ID: 64
# Board class: pentago_twist.PentagoBoard
# Timeout: 20000
# First Move Timeout: 30000
# Date: Sun Apr 11 18:26:32 EDT 2021
# Player 1: Player-0, '260424285', running on 127.0.0.1
# Player 2: Player-1, 'RandomPlayer', running on 127.0.0.1
START Player-0 260424285
START Player-1 RandomPlayer
4 1 2 0 0
5 2 1 1 1
1 1 0 0 0
1 4 2 0 1
5 1 0 1 0
3 5 1 1 1
2 1 3 1 0
0 3 2 1 1
4 4 3 1 0
1 0 3 1 1
3 1 0 1 0
GAMEOVER WINNER 0
# Game ended: Sun Apr 11 18:26:39 EDT 2021
