# Server version 0.08 running on Leonard:8123
# Game ID: 113
# Board class: pentago_twist.PentagoBoard
# Timeout: 20000
# First Move Timeout: 30000
# Date: Sun Apr 04 22:58:33 EDT 2021
# Player 1: Player-0, '260424285', running on 127.0.0.1
# Player 2: Player-1, 'RandomPlayer', running on 127.0.0.1
START Player-0 260424285
START Player-1 RandomPlayer
3 2 2 0 0
0 4 0 1 1
5 4 2 0 0
3 4 0 1 1
0 1 3 1 0
0 5 1 0 1
1 4 3 1 0
4 2 1 0 1
3 0 2 1 0
0 2 0 0 1
3 0 3 0 0
5 1 3 0 1
4 2 2 0 0
4 4 3 0 1
GAMEOVER TIMEOUT WINNER 1
# Game ended: Sun Apr 04 22:58:54 EDT 2021
