# Server version 0.08 running on 192.168.0.36:8123
# Game ID: 164
# Board class: pentago_twist.PentagoBoard
# Timeout: 20000
# First Move Timeout: 30000
# Date: Wed Apr 07 15:20:58 EDT 2021
# Player 1: Player-0, 'RandomPlayer', running on 127.0.0.1
# Player 2: Player-1, '260424285', running on 127.0.0.1
START Player-0 RandomPlayer
START Player-1 260424285
1 3 2 0 0
4 4 2 0 1
4 0 3 0 0
0 3 1 1 1
2 5 0 1 0
3 1 2 1 1
0 3 1 1 0
1 4 0 0 1
1 0 2 0 0
2 4 2 0 1
2 0 2 1 0
1 1 2 0 1
5 5 3 1 0
3 2 2 1 1
3 2 2 0 0
GAMEOVER TIMEOUT WINNER 0
# Game ended: Wed Apr 07 15:21:19 EDT 2021
