# Server version 0.08 running on 192.168.0.36:8123
# Game ID: 58
# Board class: pentago_twist.PentagoBoard
# Timeout: 20000
# First Move Timeout: 30000
# Date: Sun Apr 11 18:25:41 EDT 2021
# Player 1: Player-0, '260424285', running on 127.0.0.1
# Player 2: Player-1, 'RandomPlayer', running on 127.0.0.1
START Player-0 260424285
START Player-1 RandomPlayer
1 1 0 0 0
2 0 0 0 1
4 1 2 0 0
3 4 3 1 1
3 1 2 0 0
1 3 1 0 1
4 0 3 0 0
5 5 2 1 1
2 1 0 1 0
2 3 0 0 1
3 0 0 1 0
2 4 0 1 1
2 0 2 0 0
5 4 1 1 1
4 4 2 0 0
3 0 3 1 1
1 2 0 0 0
3 3 0 0 1
2 1 3 1 0
4 3 1 1 1
3 2 2 0 0
GAMEOVER WINNER 0
# Game ended: Sun Apr 11 18:25:56 EDT 2021
