# Server version 0.08 running on 192.168.0.36:8123
# Game ID: 197
# Board class: pentago_twist.PentagoBoard
# Timeout: 20000
# First Move Timeout: 30000
# Date: Wed Apr 07 16:44:13 EDT 2021
# Player 1: Player-0, 'RandomPlayer', running on 127.0.0.1
# Player 2: Player-1, '260424285', running on 127.0.0.1
START Player-0 RandomPlayer
START Player-1 260424285
2 2 3 0 0
4 4 2 0 1
0 3 2 1 0
4 1 1 0 1
5 4 1 1 0
1 3 0 1 1
3 2 1 0 0
3 5 0 1 1
1 3 2 0 0
1 2 0 1 1
2 5 2 0 0
1 1 3 1 1
3 2 3 1 0
0 1 2 1 1
4 0 2 1 0
GAMEOVER TIMEOUT WINNER 0
# Game ended: Wed Apr 07 16:44:34 EDT 2021
