# Server version 0.08 running on 192.168.0.36:8123
# Game ID: 60
# Board class: pentago_twist.PentagoBoard
# Timeout: 20000
# First Move Timeout: 30000
# Date: Sun Apr 11 18:26:05 EDT 2021
# Player 1: Player-0, '260424285', running on 127.0.0.1
# Player 2: Player-1, 'RandomPlayer', running on 127.0.0.1
START Player-0 260424285
START Player-1 RandomPlayer
4 4 3 0 0
2 4 3 1 1
4 1 2 0 0
2 5 2 1 1
0 1 2 0 0
5 3 1 1 1
4 3 3 1 0
1 4 2 0 1
3 1 3 1 0
4 2 0 1 1
4 5 3 1 0
2 1 2 0 1
GAMEOVER WINNER 0
# Game ended: Sun Apr 11 18:26:12 EDT 2021
