# Server version 0.08 running on 192.168.0.36:8123
# Game ID: 247
# Board class: pentago_twist.PentagoBoard
# Timeout: 20000
# First Move Timeout: 30000
# Date: Thu Apr 08 02:32:03 EDT 2021
# Player 1: Player-0, '260424285', running on 127.0.0.1
# Player 2: Player-1, 'RandomPlayer', running on 127.0.0.1
START Player-0 260424285
START Player-1 RandomPlayer
1 0 2 0 0
2 5 2 1 1
0 4 3 0 0
5 2 0 0 1
4 1 3 0 0
3 5 3 0 1
3 4 1 0 0
1 3 1 1 1
1 2 0 0 0
0 5 1 1 1
0 5 3 0 0
5 4 2 0 1
4 0 3 0 0
GAMEOVER WINNER 1
# Game ended: Thu Apr 08 02:32:12 EDT 2021
