# Server version 0.08 running on 192.168.0.36:8123
# Game ID: 38
# Board class: pentago_twist.PentagoBoard
# Timeout: 20000
# First Move Timeout: 30000
# Date: Sun Apr 11 18:21:53 EDT 2021
# Player 1: Player-0, '260424285', running on 127.0.0.1
# Player 2: Player-1, 'RandomPlayer', running on 127.0.0.1
START Player-0 260424285
START Player-1 RandomPlayer
4 4 3 0 0
5 0 1 1 1
1 1 0 0 0
4 3 3 1 1
1 4 3 1 0
2 5 1 1 1
2 4 1 0 0
1 0 3 1 1
3 4 3 1 0
4 1 0 0 1
2 4 1 0 0
5 4 0 1 1
2 4 0 1 0
GAMEOVER WINNER 0
# Game ended: Sun Apr 11 18:22:01 EDT 2021
